<?xml version="1.0" encoding="UTF-8"?>
<testsuite xmlns:xsi="http://www.w3.org/2001/XMLSchema-instance" xsi:noNamespaceSchemaLocation="https://maven.apache.org/surefire/maven-surefire-plugin/xsd/surefire-test-report-3.0.xsd" version="3.0" name="fr.placide.k8skafkaaepccleanarchibsmsemployee.infra.output.service.OutputEmployeeServiceKafkaProducerImplTest" time="25.036" tests="3" errors="0" skipped="0" failures="0">
  <properties>
[...]
</properties>
  <testcase name="produceKafkaEventEmployeeCreate" classname="fr.placide.k8skafkaaepccleanarchibsmsemployee.infra.output.service.OutputEmployeeServiceKafkaProducerImplTest" time="10.507">
    <system-out><![CDATA[16:04:18.845 [main] INFO org.testcontainers.utility.ImageNameSubstitutor -- Image name substitution will be performed by: DefaultImageNameSubstitutor (composite of 'ConfigurationFileImageNameSubstitutor' and 'PrefixingImageNameSubstitutor')
16:04:19.163 [main] INFO org.testcontainers.dockerclient.DockerClientProviderStrategy -- Loaded org.testcontainers.dockerclient.UnixSocketClientProviderStrategy from ~/.testcontainers.properties, will try it first
16:04:19.492 [main] INFO org.testcontainers.dockerclient.DockerClientProviderStrategy -- Found Docker environment with local Unix socket (unix:///var/run/docker.sock)
16:04:19.494 [main] INFO org.testcontainers.DockerClientFactory -- Docker host IP address is localhost
16:04:19.512 [main] INFO org.testcontainers.DockerClientFactory -- Connected to docker: 
  Server Version: 24.0.6
  API Version: 1.43
  Operating System: Ubuntu 22.04.3 LTS
  Total Memory: 15770 MB
16:04:19.542 [main] INFO tc.testcontainers/ryuk:0.5.1 -- Creating container for image: testcontainers/ryuk:0.5.1
16:04:19.764 [main] INFO tc.testcontainers/ryuk:0.5.1 -- Container testcontainers/ryuk:0.5.1 is starting: cf84786038696d48b372c3b6a6ef4f70b6e1a998d1b5b44aee71fc4d5e7ed2b0
16:04:20.416 [main] INFO tc.testcontainers/ryuk:0.5.1 -- Container testcontainers/ryuk:0.5.1 started in PT0.897063624S
16:04:20.423 [main] INFO org.testcontainers.utility.RyukResourceReaper -- Ryuk started - will monitor and terminate Testcontainers containers on JVM exit
16:04:20.423 [main] INFO org.testcontainers.DockerClientFactory -- Checking the system...
16:04:20.424 [main] INFO org.testcontainers.DockerClientFactory -- ✔︎ Docker server version should be at least 1.6.0
16:04:20.424 [main] INFO tc.confluentinc/cp-kafka:latest -- Creating container for image: confluentinc/cp-kafka:latest
16:04:20.480 [main] INFO tc.confluentinc/cp-kafka:latest -- Container confluentinc/cp-kafka:latest is starting: 001575e23135c0e439e0d56734b777f713af57bc19f9b663276702e698b3476b
16:04:27.664 [main] INFO tc.confluentinc/cp-kafka:latest -- Container confluentinc/cp-kafka:latest started in PT7.239606361S
16:04:29.260 [main] INFO fr.placide.k8skafkaaepccleanarchibsmsemployee.infra.output.service.OutputEmployeeServiceKafkaProducerImplTest -- list of kafka container brokers: PLAINTEXT://localhost:33104
]]></system-out>
  </testcase>
  <testcase name="produceKafkaEventEmployeeDelete" classname="fr.placide.k8skafkaaepccleanarchibsmsemployee.infra.output.service.OutputEmployeeServiceKafkaProducerImplTest" time="7.081">
    <system-out><![CDATA[16:04:29.377 [main] INFO tc.confluentinc/cp-kafka:latest -- Creating container for image: confluentinc/cp-kafka:latest
16:04:29.455 [main] INFO tc.confluentinc/cp-kafka:latest -- Container confluentinc/cp-kafka:latest is starting: bbeb00075fba07fc6f437d8555ceefd4dfd5adc7008d3d71a24e6f69bac2cd31
16:04:36.351 [main] INFO tc.confluentinc/cp-kafka:latest -- Container confluentinc/cp-kafka:latest started in PT6.974428767S
16:04:36.357 [main] INFO fr.placide.k8skafkaaepccleanarchibsmsemployee.infra.output.service.OutputEmployeeServiceKafkaProducerImplTest -- list of kafka container brokers: PLAINTEXT://localhost:33106
]]></system-out>
  </testcase>
  <testcase name="produceKafkaEventEmployeeEdit" classname="fr.placide.k8skafkaaepccleanarchibsmsemployee.infra.output.service.OutputEmployeeServiceKafkaProducerImplTest" time="7.272">
    <system-out><![CDATA[16:04:36.461 [main] INFO tc.confluentinc/cp-kafka:latest -- Creating container for image: confluentinc/cp-kafka:latest
16:04:36.561 [main] INFO tc.confluentinc/cp-kafka:latest -- Container confluentinc/cp-kafka:latest is starting: b0028cd5404bf3c3d11c7fd8305ee8dd34c4ca2c04c7c8a22752c1b446e4a6da
16:04:43.722 [main] INFO tc.confluentinc/cp-kafka:latest -- Container confluentinc/cp-kafka:latest started in PT7.261283642S
16:04:43.725 [main] INFO fr.placide.k8skafkaaepccleanarchibsmsemployee.infra.output.service.OutputEmployeeServiceKafkaProducerImplTest -- list of kafka container brokers: PLAINTEXT://localhost:33108
]]></system-out>
  </testcase>
</testsuite>